<?xml version="1.0" encoding="UTF-8"?>
<!-- Generated by org.testng.reporters.JUnitReportReporter -->
<testsuite hostname="Ranjitha-PC" failures="0" tests="2" name="com.amazon.container.test.AmazonTest" time="141.222" errors="0" timestamp="21 Oct 2022 07:21:00 GMT" skipped="0">
  <testcase classname="com.amazon.container.test.AmazonTest" name="amazonTest" time="64.559"/>
  <testcase classname="com.amazon.container.test.AmazonTest" name="amazonTest" time="76.663"/>
</testsuite> <!-- com.amazon.container.test.AmazonTest -->
